[26-Jan-2023 16:05:16 Europe/Berlin] PHP Warning:  Undefined variable $id in /home/vladi/ORIGIN/my_first_shop/admin/edit_user.php on line 4
[26-Jan-2023 16:17:29 Europe/Berlin] PHP Warning:  Undefined variable $id in /home/vladi/ORIGIN/my_first_shop/admin/edit_user.php on line 4
[26-Jan-2023 16:17:34 Europe/Berlin] PHP Warning:  Undefined variable $id in /home/vladi/ORIGIN/my_first_shop/admin/edit_user.php on line 4
[26-Jan-2023 16:23:01 Europe/Berlin] PHP Warning:  Undefined variable $id in /home/vladi/ORIGIN/my_first_shop/admin/edit_user.php on line 4
[26-Jan-2023 16:23:06 Europe/Berlin] PHP Warning:  Undefined variable $id in /home/vladi/ORIGIN/my_first_shop/admin/edit_user.php on line 4
[26-Jan-2023 16:43:47 Europe/Berlin] PHP Warning:  Undefined variable $id in /home/vladi/ORIGIN/my_first_shop/admin/edit_user.php on line 4
[26-Jan-2023 16:44:10 Europe/Berlin] PHP Warning:  Undefined variable $id in /home/vladi/ORIGIN/my_first_shop/admin/edit_user.php on line 4
[26-Jan-2023 16:45:42 Europe/Berlin] PHP Warning:  Undefined variable $id in /home/vladi/ORIGIN/my_first_shop/admin/edit_user.php on line 4
[26-Jan-2023 17:07:18 Europe/Berlin] PHP Warning:  Undefined variable $id in /home/vladi/ORIGIN/my_first_shop/admin/edit_user.php on line 4
[26-Jan-2023 17:07:18 Europe/Berlin] PHP Warning:  Undefined array key "admin" in /home/vladi/ORIGIN/my_first_shop/admin/edit_user.php on line 20
[26-Jan-2023 17:07:18 Europe/Berlin] PHP Fatal error:  Uncaught Error: Call to undefined method PDOStatement::prepare() in /home/vladi/ORIGIN/my_first_shop/admin/edit_user.php:25
Stack trace:
#0 {main}
  thrown in /home/vladi/ORIGIN/my_first_shop/admin/edit_user.php on line 25
[26-Jan-2023 17:08:38 Europe/Berlin] PHP Warning:  Undefined variable $id in /home/vladi/ORIGIN/my_first_shop/admin/edit_user.php on line 4
[26-Jan-2023 17:08:38 Europe/Berlin] PHP Warning:  Undefined array key "admin" in /home/vladi/ORIGIN/my_first_shop/admin/edit_user.php on line 20
[26-Jan-2023 17:08:38 Europe/Berlin] PHP Fatal error:  Uncaught PDOException: SQLSTATE[HY093]: Invalid parameter number: number of bound variables does not match number of tokens in /home/vladi/ORIGIN/my_first_shop/admin/edit_user.php:49
Stack trace:
#0 /home/vladi/ORIGIN/my_first_shop/admin/edit_user.php(49): PDOStatement->execute()
#1 {main}
  thrown in /home/vladi/ORIGIN/my_first_shop/admin/edit_user.php on line 49
[26-Jan-2023 17:08:41 Europe/Berlin] PHP Warning:  Undefined variable $id in /home/vladi/ORIGIN/my_first_shop/admin/edit_user.php on line 4
[26-Jan-2023 17:08:41 Europe/Berlin] PHP Warning:  Undefined array key "id" in /home/vladi/ORIGIN/my_first_shop/admin/edit_user.php on line 17
[26-Jan-2023 17:08:41 Europe/Berlin] PHP Warning:  Undefined array key "password" in /home/vladi/ORIGIN/my_first_shop/admin/edit_user.php on line 18
[26-Jan-2023 17:08:41 Europe/Berlin] PHP Warning:  Undefined array key "email" in /home/vladi/ORIGIN/my_first_shop/admin/edit_user.php on line 19
[26-Jan-2023 17:08:41 Europe/Berlin] PHP Warning:  Undefined array key "admin" in /home/vladi/ORIGIN/my_first_shop/admin/edit_user.php on line 20
[26-Jan-2023 17:08:41 Europe/Berlin] PHP Warning:  Undefined array key "username" in /home/vladi/ORIGIN/my_first_shop/admin/edit_user.php on line 21
[26-Jan-2023 17:08:47 Europe/Berlin] PHP Warning:  Undefined variable $id in /home/vladi/ORIGIN/my_first_shop/admin/edit_user.php on line 4
[26-Jan-2023 17:08:47 Europe/Berlin] PHP Warning:  Undefined array key "id" in /home/vladi/ORIGIN/my_first_shop/admin/edit_user.php on line 17
[26-Jan-2023 17:08:47 Europe/Berlin] PHP Warning:  Undefined array key "password" in /home/vladi/ORIGIN/my_first_shop/admin/edit_user.php on line 18
[26-Jan-2023 17:08:47 Europe/Berlin] PHP Warning:  Undefined array key "email" in /home/vladi/ORIGIN/my_first_shop/admin/edit_user.php on line 19
[26-Jan-2023 17:08:47 Europe/Berlin] PHP Warning:  Undefined array key "admin" in /home/vladi/ORIGIN/my_first_shop/admin/edit_user.php on line 20
[26-Jan-2023 17:08:47 Europe/Berlin] PHP Warning:  Undefined array key "username" in /home/vladi/ORIGIN/my_first_shop/admin/edit_user.php on line 21
[26-Jan-2023 17:08:50 Europe/Berlin] PHP Warning:  Undefined variable $id in /home/vladi/ORIGIN/my_first_shop/admin/edit_user.php on line 4
[26-Jan-2023 17:08:50 Europe/Berlin] PHP Warning:  Undefined array key "id" in /home/vladi/ORIGIN/my_first_shop/admin/edit_user.php on line 17
[26-Jan-2023 17:08:50 Europe/Berlin] PHP Warning:  Undefined array key "password" in /home/vladi/ORIGIN/my_first_shop/admin/edit_user.php on line 18
[26-Jan-2023 17:08:50 Europe/Berlin] PHP Warning:  Undefined array key "email" in /home/vladi/ORIGIN/my_first_shop/admin/edit_user.php on line 19
[26-Jan-2023 17:08:50 Europe/Berlin] PHP Warning:  Undefined array key "admin" in /home/vladi/ORIGIN/my_first_shop/admin/edit_user.php on line 20
[26-Jan-2023 17:08:50 Europe/Berlin] PHP Warning:  Undefined array key "username" in /home/vladi/ORIGIN/my_first_shop/admin/edit_user.php on line 21
[26-Jan-2023 17:08:54 Europe/Berlin] PHP Warning:  Undefined variable $id in /home/vladi/ORIGIN/my_first_shop/admin/edit_user.php on line 4
[26-Jan-2023 17:08:54 Europe/Berlin] PHP Warning:  Undefined array key "id" in /home/vladi/ORIGIN/my_first_shop/admin/edit_user.php on line 17
[26-Jan-2023 17:08:54 Europe/Berlin] PHP Warning:  Undefined array key "password" in /home/vladi/ORIGIN/my_first_shop/admin/edit_user.php on line 18
[26-Jan-2023 17:08:54 Europe/Berlin] PHP Warning:  Undefined array key "email" in /home/vladi/ORIGIN/my_first_shop/admin/edit_user.php on line 19
[26-Jan-2023 17:08:54 Europe/Berlin] PHP Warning:  Undefined array key "admin" in /home/vladi/ORIGIN/my_first_shop/admin/edit_user.php on line 20
[26-Jan-2023 17:08:54 Europe/Berlin] PHP Warning:  Undefined array key "username" in /home/vladi/ORIGIN/my_first_shop/admin/edit_user.php on line 21
[26-Jan-2023 17:09:16 Europe/Berlin] PHP Warning:  Undefined variable $id in /home/vladi/ORIGIN/my_first_shop/admin/edit_user.php on line 4
[26-Jan-2023 17:09:16 Europe/Berlin] PHP Warning:  Undefined array key "id" in /home/vladi/ORIGIN/my_first_shop/admin/edit_user.php on line 8
[26-Jan-2023 17:09:16 Europe/Berlin] PHP Warning:  Undefined array key "password" in /home/vladi/ORIGIN/my_first_shop/admin/edit_user.php on line 9
[26-Jan-2023 17:09:16 Europe/Berlin] PHP Warning:  Undefined array key "email" in /home/vladi/ORIGIN/my_first_shop/admin/edit_user.php on line 10
[26-Jan-2023 17:09:16 Europe/Berlin] PHP Warning:  Undefined array key "admin" in /home/vladi/ORIGIN/my_first_shop/admin/edit_user.php on line 11
[26-Jan-2023 17:09:16 Europe/Berlin] PHP Warning:  Undefined array key "username" in /home/vladi/ORIGIN/my_first_shop/admin/edit_user.php on line 12
[26-Jan-2023 17:09:16 Europe/Berlin] PHP Warning:  Undefined variable $rq in /home/vladi/ORIGIN/my_first_shop/admin/edit_user.php on line 40
[26-Jan-2023 17:09:16 Europe/Berlin] PHP Fatal error:  Uncaught Error: Call to a member function execute() on null in /home/vladi/ORIGIN/my_first_shop/admin/edit_user.php:40
Stack trace:
#0 {main}
  thrown in /home/vladi/ORIGIN/my_first_shop/admin/edit_user.php on line 40
[26-Jan-2023 17:09:19 Europe/Berlin] PHP Warning:  Undefined variable $id in /home/vladi/ORIGIN/my_first_shop/admin/edit_user.php on line 4
[26-Jan-2023 17:09:19 Europe/Berlin] PHP Warning:  Undefined array key "id" in /home/vladi/ORIGIN/my_first_shop/admin/edit_user.php on line 8
[26-Jan-2023 17:09:19 Europe/Berlin] PHP Warning:  Undefined array key "password" in /home/vladi/ORIGIN/my_first_shop/admin/edit_user.php on line 9
[26-Jan-2023 17:09:19 Europe/Berlin] PHP Warning:  Undefined array key "email" in /home/vladi/ORIGIN/my_first_shop/admin/edit_user.php on line 10
[26-Jan-2023 17:09:19 Europe/Berlin] PHP Warning:  Undefined array key "admin" in /home/vladi/ORIGIN/my_first_shop/admin/edit_user.php on line 11
[26-Jan-2023 17:09:19 Europe/Berlin] PHP Warning:  Undefined array key "username" in /home/vladi/ORIGIN/my_first_shop/admin/edit_user.php on line 12
[26-Jan-2023 17:09:19 Europe/Berlin] PHP Warning:  Undefined variable $rq in /home/vladi/ORIGIN/my_first_shop/admin/edit_user.php on line 40
[26-Jan-2023 17:09:19 Europe/Berlin] PHP Fatal error:  Uncaught Error: Call to a member function execute() on null in /home/vladi/ORIGIN/my_first_shop/admin/edit_user.php:40
Stack trace:
#0 {main}
  thrown in /home/vladi/ORIGIN/my_first_shop/admin/edit_user.php on line 40
[26-Jan-2023 17:10:22 Europe/Berlin] PHP Warning:  Undefined variable $id in /home/vladi/ORIGIN/my_first_shop/admin/edit_user.php on line 4
[26-Jan-2023 17:10:22 Europe/Berlin] PHP Warning:  Undefined array key "id" in /home/vladi/ORIGIN/my_first_shop/admin/edit_user.php on line 8
[26-Jan-2023 17:10:22 Europe/Berlin] PHP Warning:  Undefined array key "password" in /home/vladi/ORIGIN/my_first_shop/admin/edit_user.php on line 9
[26-Jan-2023 17:10:22 Europe/Berlin] PHP Warning:  Undefined array key "email" in /home/vladi/ORIGIN/my_first_shop/admin/edit_user.php on line 10
[26-Jan-2023 17:10:22 Europe/Berlin] PHP Warning:  Undefined array key "admin" in /home/vladi/ORIGIN/my_first_shop/admin/edit_user.php on line 11
[26-Jan-2023 17:10:22 Europe/Berlin] PHP Warning:  Undefined array key "username" in /home/vladi/ORIGIN/my_first_shop/admin/edit_user.php on line 12
[26-Jan-2023 17:10:25 Europe/Berlin] PHP Warning:  Undefined variable $id in /home/vladi/ORIGIN/my_first_shop/admin/edit_user.php on line 4
[26-Jan-2023 17:10:25 Europe/Berlin] PHP Warning:  Undefined array key "id" in /home/vladi/ORIGIN/my_first_shop/admin/edit_user.php on line 8
[26-Jan-2023 17:10:25 Europe/Berlin] PHP Warning:  Undefined array key "password" in /home/vladi/ORIGIN/my_first_shop/admin/edit_user.php on line 9
[26-Jan-2023 17:10:25 Europe/Berlin] PHP Warning:  Undefined array key "email" in /home/vladi/ORIGIN/my_first_shop/admin/edit_user.php on line 10
[26-Jan-2023 17:10:25 Europe/Berlin] PHP Warning:  Undefined array key "admin" in /home/vladi/ORIGIN/my_first_shop/admin/edit_user.php on line 11
[26-Jan-2023 17:10:25 Europe/Berlin] PHP Warning:  Undefined array key "username" in /home/vladi/ORIGIN/my_first_shop/admin/edit_user.php on line 12
[26-Jan-2023 17:10:27 Europe/Berlin] PHP Warning:  Undefined variable $id in /home/vladi/ORIGIN/my_first_shop/admin/edit_user.php on line 4
[26-Jan-2023 17:10:27 Europe/Berlin] PHP Warning:  Undefined array key "id" in /home/vladi/ORIGIN/my_first_shop/admin/edit_user.php on line 8
[26-Jan-2023 17:10:27 Europe/Berlin] PHP Warning:  Undefined array key "password" in /home/vladi/ORIGIN/my_first_shop/admin/edit_user.php on line 9
[26-Jan-2023 17:10:27 Europe/Berlin] PHP Warning:  Undefined array key "email" in /home/vladi/ORIGIN/my_first_shop/admin/edit_user.php on line 10
[26-Jan-2023 17:10:27 Europe/Berlin] PHP Warning:  Undefined array key "admin" in /home/vladi/ORIGIN/my_first_shop/admin/edit_user.php on line 11
[26-Jan-2023 17:10:27 Europe/Berlin] PHP Warning:  Undefined array key "username" in /home/vladi/ORIGIN/my_first_shop/admin/edit_user.php on line 12
[26-Jan-2023 17:10:31 Europe/Berlin] PHP Warning:  Undefined variable $id in /home/vladi/ORIGIN/my_first_shop/admin/edit_user.php on line 4
[26-Jan-2023 17:10:31 Europe/Berlin] PHP Warning:  Undefined array key "id" in /home/vladi/ORIGIN/my_first_shop/admin/edit_user.php on line 8
[26-Jan-2023 17:10:31 Europe/Berlin] PHP Warning:  Undefined array key "password" in /home/vladi/ORIGIN/my_first_shop/admin/edit_user.php on line 9
[26-Jan-2023 17:10:31 Europe/Berlin] PHP Warning:  Undefined array key "email" in /home/vladi/ORIGIN/my_first_shop/admin/edit_user.php on line 10
[26-Jan-2023 17:10:31 Europe/Berlin] PHP Warning:  Undefined array key "admin" in /home/vladi/ORIGIN/my_first_shop/admin/edit_user.php on line 11
[26-Jan-2023 17:10:31 Europe/Berlin] PHP Warning:  Undefined array key "username" in /home/vladi/ORIGIN/my_first_shop/admin/edit_user.php on line 12
[26-Jan-2023 17:31:48 Europe/Berlin] PHP Warning:  Undefined variable $id in /home/vladi/ORIGIN/my_first_shop/admin/edit_user.php on line 4
[26-Jan-2023 17:31:53 Europe/Berlin] PHP Warning:  Undefined variable $id in /home/vladi/ORIGIN/my_first_shop/admin/edit_user.php on line 4
[26-Jan-2023 17:34:55 Europe/Berlin] PHP Warning:  Undefined variable $id in /home/vladi/ORIGIN/my_first_shop/admin/edit_user.php on line 4
[26-Jan-2023 17:34:59 Europe/Berlin] PHP Warning:  Undefined variable $id in /home/vladi/ORIGIN/my_first_shop/admin/edit_user.php on line 4
[26-Jan-2023 17:36:39 Europe/Berlin] PHP Warning:  Undefined variable $id in /home/vladi/ORIGIN/my_first_shop/admin/edit_user.php on line 4
[26-Jan-2023 17:36:49 Europe/Berlin] PHP Warning:  Undefined variable $id in /home/vladi/ORIGIN/my_first_shop/admin/edit_user.php on line 4
[26-Jan-2023 17:36:56 Europe/Berlin] PHP Warning:  Undefined variable $id in /home/vladi/ORIGIN/my_first_shop/admin/edit_user.php on line 4
[26-Jan-2023 17:37:08 Europe/Berlin] PHP Warning:  Undefined variable $id in /home/vladi/ORIGIN/my_first_shop/admin/edit_user.php on line 4
[26-Jan-2023 17:37:22 Europe/Berlin] PHP Warning:  Undefined variable $id in /home/vladi/ORIGIN/my_first_shop/admin/edit_user.php on line 4
[26-Jan-2023 17:37:30 Europe/Berlin] PHP Warning:  Undefined variable $id in /home/vladi/ORIGIN/my_first_shop/admin/edit_user.php on line 4
[26-Jan-2023 17:37:38 Europe/Berlin] PHP Warning:  Undefined variable $id in /home/vladi/ORIGIN/my_first_shop/admin/edit_user.php on line 4
[26-Jan-2023 17:40:54 Europe/Berlin] PHP Warning:  Undefined variable $id in /home/vladi/ORIGIN/my_first_shop/admin/edit_user.php on line 4
[26-Jan-2023 17:41:04 Europe/Berlin] PHP Warning:  Undefined variable $id in /home/vladi/ORIGIN/my_first_shop/admin/edit_user.php on line 4
[26-Jan-2023 17:43:10 Europe/Berlin] PHP Warning:  Undefined variable $id in /home/vladi/ORIGIN/my_first_shop/admin/edit_user.php on line 4
[26-Jan-2023 17:45:56 Europe/Berlin] PHP Warning:  Undefined variable $id in /home/vladi/ORIGIN/my_first_shop/admin/edit_user.php on line 4
[26-Jan-2023 17:57:49 Europe/Berlin] PHP Warning:  Undefined variable $id in /home/vladi/ORIGIN/my_first_shop/admin/edit_user.php on line 4
[26-Jan-2023 17:58:10 Europe/Berlin] PHP Warning:  Undefined variable $id in /home/vladi/ORIGIN/my_first_shop/admin/edit_user.php on line 4
[26-Jan-2023 17:58:30 Europe/Berlin] PHP Warning:  Undefined variable $id in /home/vladi/ORIGIN/my_first_shop/admin/edit_user.php on line 4
[26-Jan-2023 20:15:12 Europe/Berlin] PHP Warning:  Undefined variable $id in /home/vladi/ORIGIN/my_first_shop/admin/edit_user.php on line 4
[26-Jan-2023 20:19:26 Europe/Berlin] PHP Warning:  Undefined variable $id in /home/vladi/ORIGIN/my_first_shop/admin/edit_user.php on line 4
[26-Jan-2023 20:25:35 Europe/Berlin] PHP Warning:  Undefined variable $id in /home/vladi/ORIGIN/my_first_shop/admin/edit_user.php on line 4
[26-Jan-2023 20:25:57 Europe/Berlin] PHP Warning:  Undefined variable $id in /home/vladi/ORIGIN/my_first_shop/admin/edit_user.php on line 4
[26-Jan-2023 20:28:36 Europe/Berlin] PHP Warning:  Undefined variable $id in /home/vladi/ORIGIN/my_first_shop/admin/edit_user.php on line 4
[26-Jan-2023 20:29:02 Europe/Berlin] PHP Warning:  Undefined variable $id in /home/vladi/ORIGIN/my_first_shop/admin/edit_user.php on line 4
[26-Jan-2023 20:31:49 Europe/Berlin] PHP Warning:  Undefined variable $id in /home/vladi/ORIGIN/my_first_shop/admin/edit_user.php on line 4
[26-Jan-2023 20:32:35 Europe/Berlin] PHP Warning:  Undefined variable $id in /home/vladi/ORIGIN/my_first_shop/admin/edit_user.php on line 4
[26-Jan-2023 20:37:49 Europe/Berlin] PHP Warning:  Undefined variable $id in /home/vladi/ORIGIN/my_first_shop/admin/edit_user.php on line 4
[26-Jan-2023 20:41:35 Europe/Berlin] PHP Warning:  Undefined variable $id in /home/vladi/ORIGIN/my_first_shop/admin/edit_user.php on line 4
[26-Jan-2023 20:46:22 Europe/Berlin] PHP Warning:  Undefined variable $id in /home/vladi/ORIGIN/my_first_shop/admin/edit_user.php on line 4
[26-Jan-2023 20:50:57 Europe/Berlin] PHP Warning:  Undefined variable $id in /home/vladi/ORIGIN/my_first_shop/admin/edit_user.php on line 4
[26-Jan-2023 20:51:03 Europe/Berlin] PHP Warning:  Undefined variable $id in /home/vladi/ORIGIN/my_first_shop/admin/edit_user.php on line 4
[26-Jan-2023 20:56:22 Europe/Berlin] PHP Warning:  Undefined variable $id in /home/vladi/ORIGIN/my_first_shop/admin/edit_user.php on line 4
[26-Jan-2023 20:56:32 Europe/Berlin] PHP Warning:  Undefined variable $id in /home/vladi/ORIGIN/my_first_shop/admin/edit_user.php on line 4
[26-Jan-2023 20:57:27 Europe/Berlin] PHP Warning:  Undefined variable $id in /home/vladi/ORIGIN/my_first_shop/admin/edit_user.php on line 4
[26-Jan-2023 20:57:39 Europe/Berlin] PHP Warning:  Undefined variable $id in /home/vladi/ORIGIN/my_first_shop/admin/edit_user.php on line 4
[26-Jan-2023 21:02:35 Europe/Berlin] PHP Warning:  Undefined variable $id in /home/vladi/ORIGIN/my_first_shop/admin/edit_user.php on line 4
[27-Jan-2023 11:03:14 Europe/Berlin] PHP Warning:  Undefined variable $id in /home/vladi/ORIGIN/my_first_shop/admin/edit_user.php on line 4
[27-Jan-2023 11:27:35 Europe/Berlin] PHP Warning:  Undefined variable $id in /home/vladi/ORIGIN/my_first_shop/admin/edit_user.php on line 4
